2018-04-14 10:23:10,588 - os.name - Mac OS X
2018-04-14 10:23:10,588 - os.arch - x86_64
2018-04-14 10:23:10,588 - os.version - 10.13.4
2018-04-14 10:23:10,588 - java.version - 1.8.0_111
2018-04-14 10:23:10,588 - java.vendor - Oracle Corporation
2018-04-14 10:23:10,588 - java.vendor.url - http://java.oracle.com/
2018-04-14 10:23:10,588 - java.home - /Library/Java/JavaVirtualMachines/jdk1.8.0_111.jdk/Contents/Home/jre
2018-04-14 10:23:10,589 - java.vm.specification.name - Java Virtual Machine Specification
2018-04-14 10:23:10,589 - java.vm.specification.vendor - Oracle Corporation
2018-04-14 10:23:10,589 - java.vm.specification.version - 1.8
2018-04-14 10:23:10,589 - java.class.path - /Applications/Eclipse.app/Contents/MacOS//../Eclipse/plugins/org.eclipse.equinox.launcher_1.3.200.v20160318-1642.jar
2018-04-14 10:23:10,589 - java.library.path - /Users/rh/Library/Java/Extensions:/Library/Java/Extensions:/Network/Library/Java/Extensions:/System/Library/Java/Extensions:/usr/lib/java:.
2018-04-14 10:23:10,589 - --------------------------------------
2018-04-14 10:23:10,589 - ## Eclipse Plug-ins Log Information ##
2018-04-14 10:23:10,589 - --------------------------------------
2018-04-14 10:23:10,620 - javax.el - 2.2.0.v201303151357
2018-04-14 10:23:10,625 - javax.servlet - 3.1.0.v201410161800
2018-04-14 10:23:10,630 - javax.servlet.jsp - 2.2.0.v201112011158
2018-04-14 10:23:10,634 - com.sun.el - 2.2.0.v201303151357
2018-04-14 10:23:10,639 - org.apache.commons.logging - 1.1.1.v201101211721
2018-04-14 10:23:10,642 - org.apache.jasper.glassfish - 2.2.2.v201501141630
2018-04-14 10:23:10,646 - org.apache.lucene.analysis - 3.5.0.v20120725-1805
2018-04-14 10:23:10,657 - org.apache.lucene.core - 3.5.0.v20120725-1805
2018-04-14 10:23:10,658 - org.eclipse.equinox.http.jetty - 3.3.0.v20160324-1850
2018-04-14 10:23:10,659 - org.eclipse.equinox.http.registry - 1.1.400.v20150715-1528
2018-04-14 10:23:10,662 - org.eclipse.equinox.http.servlet - 1.3.1.v20160808-1329
2018-04-14 10:23:10,663 - org.eclipse.equinox.jsp.jasper - 1.0.500.v20150119-1358
2018-04-14 10:23:10,664 - org.eclipse.equinox.jsp.jasper.registry - 1.0.300.v20130327-1442
2018-04-14 10:23:10,664 - org.eclipse.help.base - 4.1.0.v20160907-1200
2018-04-14 10:23:10,667 - org.eclipse.help.ui - 4.0.200.v20160510-0758
2018-04-14 10:23:10,668 - org.eclipse.help.webapp - 3.8.0.v20160504-0839
2018-04-14 10:23:10,669 - org.eclipse.jetty.continuation - 9.3.9.v20160517
2018-04-14 10:23:10,670 - org.eclipse.jetty.http - 9.3.9.v20160517
2018-04-14 10:23:10,671 - org.eclipse.jetty.io - 9.3.9.v20160517
2018-04-14 10:23:10,672 - org.eclipse.jetty.security - 9.3.9.v20160517
2018-04-14 10:23:10,674 - org.eclipse.jetty.server - 9.3.9.v20160517
2018-04-14 10:23:10,675 - org.eclipse.jetty.servlet - 9.3.9.v20160517
2018-04-14 10:23:10,678 - org.eclipse.jetty.util - 9.3.9.v20160517
2018-04-14 10:23:10,679 - org.eclipse.core.net - 1.3.0.v20160418-1534
2018-04-14 10:23:10,680 - org.eclipse.equinox.security - 1.2.200.v20150715-1528
2018-04-14 10:23:10,684 - org.eclipse.andmore.hierarchyviewer - 0.5.0.201605181018
2018-04-14 10:23:10,689 - org.eclipse.mylyn.bugzilla.core - 3.20.0.v20160425-1835
2018-04-14 10:23:10,690 - org.eclipse.mylyn.bugzilla.ui - 3.20.0.v20160425-1835
2018-04-14 10:23:10,700 - org.eclipse.sequoyah.device.backward - 2.1.0.N20120718-0509
2018-04-14 10:23:10,700 - org.eclipse.sequoyah.device.framework - 2.1.0.N20120718-0509
2018-04-14 10:23:10,707 - org.eclipse.sequoyah.device.framework.ui - 2.1.0.N20120718-0509
2018-04-14 10:23:10,708 - org.eclipse.sequoyah.device.service.start - 2.1.0.N20120718-0509
2018-04-14 10:23:10,708 - org.eclipse.sequoyah.device.service.stop - 2.1.0.N20120718-0509
2018-04-14 10:23:10,709 - org.eclipse.sequoyah.device.framework.wizard - 2.1.0.N20120718-0509
2018-04-14 10:23:10,735 - org.eclipse.buildship.core - 1.0.18.v20160817-1550
2018-04-14 10:23:10,738 - org.eclipse.buildship.ui - 1.0.18.v20160817-1550
2018-04-14 10:23:10,739 - org.eclipse.buildship.branding - 1.0.18.v20160817-1550
2018-04-14 10:23:10,740 - org.eclipse.buildship.stsmigration - 1.0.18.v20160817-1550
2018-04-14 10:23:10,750 - org.eclipse.mylyn.tasks.core - 3.20.0.v20160608-1838
2018-04-14 10:23:10,750 - org.eclipse.mylyn.tasks.index.core - 3.20.0.v20160425-1835
2018-04-14 10:23:10,751 - org.eclipse.mylyn.tasks.index.ui - 3.20.0.v20160425-1835
2018-04-14 10:23:10,752 - org.eclipse.mylyn.tasks.search - 3.20.0.v20160425-1835
2018-04-14 10:23:10,754 - org.eclipse.mylyn.tasks.ui - 3.20.0.v20160608-1838
2018-04-14 10:23:10,764 - org.eclipse.egit.core - 4.4.1.201607150455-r
2018-04-14 10:23:10,769 - org.eclipse.egit.ui - 4.4.1.201607150455-r
2018-04-14 10:23:10,773 - org.eclipse.egit - 4.4.1.201607150455-r
2018-04-14 10:23:10,778 - org.eclipse.egit.doc - 4.4.1.201607150455-r
2018-04-14 10:23:10,793 - org.eclipse.aether.maven - 3.1.0.v20140706-2237
2018-04-14 10:23:10,801 - org.eclipse.gef - 3.11.0.201606061308
2018-04-14 10:23:10,807 - org.eclipse.mylyn.commons.identity.core - 1.12.0.v20160421-1819
2018-04-14 10:23:10,816 - org.eclipse.oomph.p2 - 1.5.0.v20160707-0243
2018-04-14 10:23:10,817 - org.eclipse.oomph.p2.core - 1.5.0.v20160908-1742
2018-04-14 10:23:10,818 - org.eclipse.oomph.p2.edit - 1.5.0.v20160707-0243
2018-04-14 10:23:10,819 - org.eclipse.oomph.p2.ui - 1.5.0.v20160908-1742
2018-04-14 10:23:10,820 - org.eclipse.oomph.p2.doc - 1.5.0.v20160707-0243
2018-04-14 10:23:10,829 - org.eclipse.datatools.enablement.sqlite - 1.1.0.201603142002
2018-04-14 10:23:10,830 - org.eclipse.datatools.enablement.sqlite.dbdefinition - 1.1.0.201603142002
2018-04-14 10:23:10,834 - org.eclipse.datatools.enablement.sqlite.ui - 1.1.0.201603142002
2018-04-14 10:23:10,835 - org.eclipse.datatools.enablement.finfo - 1.6.0.201603142002
2018-04-14 10:23:10,848 - org.eclipse.emf.codegen.ui - 2.6.0.v20160526-0356
2018-04-14 10:23:10,853 - org.eclipse.mylyn.commons.notifications.core - 1.12.0.v20160421-1819
2018-04-14 10:23:10,854 - org.eclipse.mylyn.commons.notifications.feed - 1.12.0.v20160421-1819
2018-04-14 10:23:10,855 - org.eclipse.mylyn.commons.notifications.ui - 1.12.0.v20160421-1819
2018-04-14 10:23:10,860 - org.eclipse.emf.converter - 2.7.0.v20160526-0356
2018-04-14 10:23:10,865 - org.eclipse.emf.importer - 2.9.0.v20160526-0356
2018-04-14 10:23:10,866 - org.eclipse.emf.exporter - 2.7.0.v20160526-0356
2018-04-14 10:23:10,866 - org.eclipse.emf.importer.ecore - 2.8.0.v20160526-0356
2018-04-14 10:23:10,867 - org.eclipse.emf.importer.java - 2.7.0.v20160526-0356
2018-04-14 10:23:10,868 - org.eclipse.emf.importer.rose - 2.8.0.v20160526-0356
2018-04-14 10:23:10,872 - org.eclipse.emf.edit.ui - 2.12.0.v20160526-0356
2018-04-14 10:23:10,880 - org.eclipse.help - 3.7.0.v20160602-1307
2018-04-14 10:23:10,881 - org.eclipse.ui - 3.108.0.v20160518-1929
2018-04-14 10:23:10,882 - org.eclipse.ui.workbench - 3.108.1.v20160819-2118
2018-04-14 10:23:10,882 - org.eclipse.update.configurator - 3.3.400.v20160506-0750
2018-04-14 10:23:10,883 - org.eclipse.rcp - 4.6.1.v20160907-1200
2018-04-14 10:23:10,886 - org.eclipse.ui.cocoa - 1.1.100.v20151202-1450
2018-04-14 10:23:10,895 - org.eclipse.recommenders.rcp - 2.4.3.v20160913-0645
2018-04-14 10:23:10,895 - org.eclipse.recommenders.apidocs - 2.4.3.v20160913-0645
2018-04-14 10:23:10,896 - org.eclipse.recommenders.apidocs.rcp - 2.4.3.v20160913-0645
2018-04-14 10:23:10,896 - org.eclipse.recommenders.calls - 2.4.3.v20160913-0645
2018-04-14 10:23:10,897 - org.eclipse.recommenders.calls.rcp - 2.4.3.v20160913-0645
2018-04-14 10:23:10,898 - org.eclipse.recommenders.chain.rcp - 2.4.3.v20160913-0645
2018-04-14 10:23:10,898 - org.eclipse.recommenders.completion.rcp - 2.4.3.v20160913-0645
2018-04-14 10:23:10,899 - org.eclipse.recommenders.constructors - 2.4.3.v20160913-0645
2018-04-14 10:23:10,900 - org.eclipse.recommenders.constructors.rcp - 2.4.3.v20160913-0645
2018-04-14 10:23:10,901 - org.eclipse.recommenders.coordinates - 2.4.3.v20160913-0645
2018-04-14 10:23:10,902 - org.eclipse.recommenders.coordinates.rcp - 2.4.3.v20160913-0645
2018-04-14 10:23:10,902 - org.eclipse.recommenders.injection - 2.4.3.v20160913-0645
2018-04-14 10:23:10,903 - org.eclipse.recommenders.jayes - 2.4.3.v20160913-0645
2018-04-14 10:23:10,903 - org.eclipse.recommenders.jayes.io - 2.4.3.v20160913-0645
2018-04-14 10:23:10,904 - org.eclipse.recommenders.jdt - 2.4.3.v20160913-0645
2018-04-14 10:23:10,905 - org.eclipse.recommenders.models - 2.4.3.v20160913-0645
2018-04-14 10:23:10,906 - org.eclipse.recommenders.models.rcp - 2.4.3.v20160913-0645
2018-04-14 10:23:10,906 - org.eclipse.recommenders.net - 2.4.3.v20160913-0645
2018-04-14 10:23:10,907 - org.eclipse.recommenders.overrides - 2.4.3.v20160913-0645
2018-04-14 10:23:10,907 - org.eclipse.recommenders.overrides.rcp - 2.4.3.v20160913-0645
2018-04-14 10:23:10,910 - org.eclipse.recommenders.subwords.rcp - 2.4.3.v20160913-0645
2018-04-14 10:23:10,912 - org.eclipse.recommenders.types.rcp - 2.4.3.v20160913-0645
2018-04-14 10:23:10,912 - org.eclipse.recommenders.utils - 2.4.3.v20160913-0645
2018-04-14 10:23:10,913 - org.eclipse.recommenders.utils.rcp - 2.4.3.v20160913-0645
2018-04-14 10:23:10,923 - org.eclipse.mylyn.commons.repositories.http.core - 1.12.0.v20160421-1819
2018-04-14 10:23:10,936 - org.eclipse.datatools.connectivity.oda.design.ui - 3.3.0.201603142002
2018-04-14 10:23:10,937 - org.eclipse.datatools.connectivity.ui.dse - 1.2.0.201603142002
2018-04-14 10:23:10,938 - org.eclipse.datatools.connectivity.ui - 1.3.0.201603142002
2018-04-14 10:23:10,939 - org.eclipse.datatools.connectivity.sqm.core - 1.3.0.201603142002
2018-04-14 10:23:10,939 - org.eclipse.datatools.help - 1.6.0.201603142002
2018-04-14 10:23:10,943 - org.eclipse.jdt - 3.12.1.v20160907-1200
2018-04-14 10:23:10,944 - org.eclipse.ant.ui - 3.6.200.v20160525-1820
2018-04-14 10:23:10,945 - org.eclipse.jdt.apt.core - 3.4.100.v20160525-0952
2018-04-14 10:23:10,945 - org.eclipse.jdt.apt.ui - 3.4.100.v20160418-1457
2018-04-14 10:23:10,948 - org.eclipse.jdt.apt.pluggable.core - 1.1.100.v20160418-1457
2018-04-14 10:23:10,950 - org.eclipse.jdt.compiler.apt - 1.2.100.v20160418-1457
2018-04-14 10:23:10,950 - org.eclipse.jdt.compiler.tool - 1.1.100.v20160418-1457
2018-04-14 10:23:10,951 - org.eclipse.jdt.core - 3.12.1.v20160829-0950
2018-04-14 10:23:10,951 - org.eclipse.jdt.annotation - 2.1.0.v20160418-1457
2018-04-14 10:23:10,951 - org.eclipse.jdt.annotation - 2.1.0.v20160418-1457
2018-04-14 10:23:10,952 - org.eclipse.jdt.core.manipulation - 1.7.0.v20160419-0705
2018-04-14 10:23:10,953 - org.eclipse.jdt.debug.ui - 3.7.201.v20160811-0450
2018-04-14 10:23:10,961 - org.eclipse.jdt.debug - 3.10.1.v20160811-0441
2018-04-14 10:23:11,035 - org.eclipse.jdt.junit - 3.9.0.v20160421-1701
2018-04-14 10:23:11,036 - org.eclipse.jdt.junit.core - 3.8.0.v20160421-1701
2018-04-14 10:23:11,036 - org.eclipse.jdt.junit.runtime - 3.4.600.v20160505-0715
2018-04-14 10:23:11,037 - org.eclipse.jdt.junit4.runtime - 1.1.600.v20160505-0715
2018-04-14 10:23:11,037 - org.eclipse.jdt.launching - 3.8.100.v20160505-0636
2018-04-14 10:23:11,042 - org.eclipse.jdt.ui - 3.12.1.v20160822-0645
2018-04-14 10:23:11,056 - org.junit - 4.12.0.v201504281640
2018-04-14 10:23:11,057 - org.hamcrest.core - 1.3.0.v201303031735
2018-04-14 10:23:11,061 - org.eclipse.jdt.doc.user - 3.12.1.v20160727-2009
2018-04-14 10:23:11,061 - org.eclipse.jdt.launching.macosx - 3.3.0.v20160418-1524
2018-04-14 10:23:11,062 - org.eclipse.jdt.launching.ui.macosx - 1.1.0.v20160418-1524
2018-04-14 10:23:11,062 - org.eclipse.ant.launching - 1.1.200.v20160418-1631
2018-04-14 10:23:11,075 - org.eclipse.emf.common - 2.12.0.v20160420-0247
2018-04-14 10:23:11,079 - org.eclipse.sequoyah.vnc.vncviewer.vncviews - 2.1.0.N20120718-0509
2018-04-14 10:23:11,083 - org.eclipse.egit.mylyn.ui - 4.4.1.201607150455-r
2018-04-14 10:23:11,090 - org.eclipse.datatools.sqltools.common.ui - 1.1.0.201603142002
2018-04-14 10:23:11,091 - org.eclipse.datatools.sqltools.debugger.core - 1.1.0.201603142002
2018-04-14 10:23:11,092 - org.eclipse.datatools.sqltools.editor.core - 1.1.0.201603142002
2018-04-14 10:23:11,093 - org.eclipse.datatools.sqltools.plan - 1.1.0.201603142002
2018-04-14 10:23:11,096 - org.eclipse.datatools.sqltools.routineeditor - 1.1.0.201603142002
2018-04-14 10:23:11,097 - org.eclipse.datatools.sqltools.sql - 1.1.0.201603142002
2018-04-14 10:23:11,097 - org.eclipse.datatools.sqltools.sqleditor - 1.1.0.201603142002
2018-04-14 10:23:11,098 - org.eclipse.datatools.sqltools.sqlscrapbook - 1.1.0.201603142002
2018-04-14 10:23:11,098 - org.eclipse.datatools.help - 1.6.0.201603142002
2018-04-14 10:23:11,098 - org.eclipse.datatools.sqltools.db.generic - 1.1.0.201603142002
2018-04-14 10:23:11,099 - org.eclipse.datatools.sqltools.debugger.core.ui - 1.1.0.201603142002
2018-04-14 10:23:11,099 - org.eclipse.datatools.sqltools.editor.core.ui - 1.1.0.201603142002
2018-04-14 10:23:11,100 - org.eclipse.datatools.sqltools.result.ui - 1.2.0.201603142002
2018-04-14 10:23:11,101 - org.eclipse.datatools.sqltools.routineeditor.ui - 1.1.0.201603142002
2018-04-14 10:23:11,101 - org.eclipse.datatools.sqltools.sql.ui - 1.1.0.201603142002
2018-04-14 10:23:11,123 - org.objectweb.asm - 5.0.1.v201404251740
2018-04-14 10:23:11,123 - org.eclipse.andmore - 0.5.0.201605181018
2018-04-14 10:23:11,129 - org.eclipse.andmore.base - 0.5.0.201605181018
2018-04-14 10:23:11,130 - org.eclipse.andmore.ddms - 0.5.0.201605181018
2018-04-14 10:23:11,131 - org.eclipse.andmore.overlay - 0.5.0.201605181018
2018-04-14 10:23:11,133 - org.apache.commons.codec - 1.6.0.v201305230611
2018-04-14 10:23:11,134 - org.apache.commons.compress - 1.6.0.v201310281400
2018-04-14 10:23:11,139 - org.apache.httpcomponents.httpclient - 4.3.6.v201511171540
2018-04-14 10:23:11,144 - org.apache.httpcomponents.httpcore - 4.3.3.v201411290715
2018-04-14 10:23:11,148 - org.eclipse.datatools.modelbase.dbdefinition - 1.1.0.201603142002
2018-04-14 10:23:11,149 - org.eclipse.datatools.modelbase.sql.edit - 1.1.0.201603142002
2018-04-14 10:23:11,149 - org.eclipse.datatools.modelbase.sql.query - 1.2.0.201603142002
2018-04-14 10:23:11,150 - org.eclipse.datatools.modelbase.sql.query.edit - 1.1.0.201603142002
2018-04-14 10:23:11,151 - org.eclipse.datatools.modelbase.sql.xml.query - 1.1.0.201603142002
2018-04-14 10:23:11,151 - org.eclipse.datatools.modelbase.sql - 1.1.0.201603142002
2018-04-14 10:23:11,157 - org.eclipse.oomph.setup.editor - 1.5.0.v20160707-0243
2018-04-14 10:23:11,158 - org.eclipse.oomph.setup.ui - 1.5.0.v20160914-0644
2018-04-14 10:23:11,159 - org.eclipse.oomph.setup.doc - 1.5.0.v20160707-0243
2018-04-14 10:23:11,159 - org.eclipse.oomph.setup.ui.questionnaire - 1.5.0.v20160818-1158
2018-04-14 10:23:11,161 - org.eclipse.oomph.jreinfo.ui - 1.5.0.v20160707-0243
2018-04-14 10:23:11,164 - org.eclipse.emf.mapping - 2.9.0.v20160526-0356
2018-04-14 10:23:11,169 - org.eclipse.emf.ecore - 2.12.0.v20160420-0247
2018-04-14 10:23:11,169 - org.eclipse.emf.ecore.change - 2.11.0.v20160420-0247
2018-04-14 10:23:11,170 - org.eclipse.emf.ecore.xmi - 2.12.0.v20160420-0247
2018-04-14 10:23:11,173 - org.eclipse.jgit - 4.4.1.201607150455-r
2018-04-14 10:23:11,174 - org.eclipse.jgit.archive - 4.4.1.201607150455-r
2018-04-14 10:23:11,174 - com.jcraft.jsch - 0.1.53.v201508180515
2018-04-14 10:23:11,175 - javaewah - 0.7.9.v201605172130
2018-04-14 10:23:11,175 - org.apache.commons.compress - 1.6.0.v201310281400
2018-04-14 10:23:11,176 - org.slf4j.api - 1.7.2.v20121108-1250
2018-04-14 10:23:11,176 - org.slf4j.impl.log4j12 - 1.7.2.v20131105-2200
2018-04-14 10:23:11,177 - org.apache.log4j - 1.2.15.v201012070815
2018-04-14 10:23:11,181 - org.eclipse.mylyn.wikitext.core - 2.9.0.v20160513-1433
2018-04-14 10:23:11,181 - org.eclipse.mylyn.wikitext.core.ant - 2.9.0.v20160513-1433
2018-04-14 10:23:11,182 - org.eclipse.mylyn.wikitext.core.osgi - 2.9.0.v20160513-1433
2018-04-14 10:23:11,182 - org.eclipse.mylyn.wikitext.textile.core - 2.9.0.v20160513-1433
2018-04-14 10:23:11,183 - org.eclipse.mylyn.wikitext.html.core - 2.9.0.v20160513-1433
2018-04-14 10:23:11,183 - org.eclipse.mylyn.wikitext.markdown.core - 2.9.0.v20160513-1433
2018-04-14 10:23:11,184 - org.eclipse.mylyn.wikitext.mediawiki.core - 2.9.0.v20160513-1433
2018-04-14 10:23:11,184 - org.eclipse.mylyn.wikitext.mediawiki.core.ant - 2.9.0.v20160513-1433
2018-04-14 10:23:11,185 - org.eclipse.mylyn.wikitext.confluence.core - 2.9.0.v20160513-1433
2018-04-14 10:23:11,185 - org.eclipse.mylyn.wikitext.tracwiki.core - 2.9.0.v20160513-1433
2018-04-14 10:23:11,186 - org.eclipse.mylyn.wikitext.twiki.core - 2.9.0.v20160519-0832
2018-04-14 10:23:11,187 - org.eclipse.mylyn.wikitext.ui - 2.9.0.v20160516-1547
2018-04-14 10:23:11,188 - org.eclipse.mylyn.wikitext.help.ui - 2.9.0.v20160524-0547
2018-04-14 10:23:11,188 - org.eclipse.mylyn.wikitext.textile.ui - 2.9.0.v20160513-1433
2018-04-14 10:23:11,189 - org.eclipse.mylyn.wikitext.markdown.ui - 2.9.0.v20160513-1433
2018-04-14 10:23:11,189 - org.eclipse.mylyn.wikitext.mediawiki.ui - 2.9.0.v20160513-1433
2018-04-14 10:23:11,190 - org.eclipse.mylyn.wikitext.confluence.ui - 2.9.0.v20160513-1433
2018-04-14 10:23:11,190 - org.eclipse.mylyn.wikitext.tracwiki.ui - 2.9.0.v20160513-1433
2018-04-14 10:23:11,192 - org.eclipse.mylyn.wikitext.twiki.ui - 2.9.0.v20160513-1433
2018-04-14 10:23:11,193 - org.eclipse.mylyn.wikitext.tasks.ui - 2.9.0.v20160513-1433
2018-04-14 10:23:11,193 - org.eclipse.mylyn.wikitext.context.ui - 2.9.0.v20160513-1433
2018-04-14 10:23:11,194 - org.eclipse.mylyn.wikitext.asciidoc.core - 2.9.0.v20160524-1633
2018-04-14 10:23:11,194 - org.eclipse.mylyn.wikitext.asciidoc.ui - 2.9.0.v20160516-1451
2018-04-14 10:23:11,199 - org.eclipse.emf.mapping.ecore.editor - 2.6.0.v20160526-0356
2018-04-14 10:23:11,200 - org.eclipse.emf.mapping.ecore2ecore.editor - 2.7.0.v20160526-0356
2018-04-14 10:23:11,200 - org.eclipse.emf.mapping.ecore2xml.ui - 2.8.0.v20160526-0356
2018-04-14 10:23:11,204 - org.eclipse.recommenders.mylyn.rcp - 2.4.3.v20160913-0645
2018-04-14 10:23:11,223 - org.apache.ant - 1.9.6.v201510161327
2018-04-14 10:23:11,223 - org.eclipse.ant.core - 3.4.100.v20160505-0642
2018-04-14 10:23:11,223 - com.jcraft.jsch - 0.1.53.v201508180515
2018-04-14 10:23:11,224 - org.eclipse.compare.core - 3.6.0.v20160418-1534
2018-04-14 10:23:11,224 - org.eclipse.compare - 3.6.0.v20160418-1534
2018-04-14 10:23:11,225 - org.eclipse.core.filebuffers - 3.6.0.v20160503-1849
2018-04-14 10:23:11,226 - org.eclipse.core.filesystem - 1.6.0.v20160503-1608
2018-04-14 10:23:11,226 - org.eclipse.core.net - 1.3.0.v20160418-1534
2018-04-14 10:23:11,226 - org.eclipse.core.resources - 3.11.0.v20160503-1608
2018-04-14 10:23:11,227 - org.eclipse.osgi.util - 3.3.100.v20150423-1351
2018-04-14 10:23:11,227 - org.eclipse.debug.core - 3.10.100.v20160419-1720
2018-04-14 10:23:11,229 - org.eclipse.debug.ui - 3.11.201.v20160825-1412
2018-04-14 10:23:11,229 - org.eclipse.equinox.event - 1.3.200.v20160324-1850
2018-04-14 10:23:11,230 - org.eclipse.ltk.core.refactoring - 3.7.0.v20160419-0705
2018-04-14 10:23:11,231 - org.eclipse.ltk.ui.refactoring - 3.8.0.v20160518-1817
2018-04-14 10:23:11,231 - org.eclipse.platform - 4.6.1.v20160907-1200
2018-04-14 10:23:11,232 - org.eclipse.platform.doc.user - 4.6.1.v20160727-2009
2018-04-14 10:23:11,232 - org.eclipse.search - 3.11.0.v20160519-1501
2018-04-14 10:23:11,233 - org.eclipse.team.core - 3.8.0.v20160418-1534
2018-04-14 10:23:11,234 - org.eclipse.team.ui - 3.8.0.v20160518-1906
2018-04-14 10:23:11,234 - org.eclipse.text - 3.6.0.v20160503-1849
2018-04-14 10:23:11,235 - org.eclipse.jface.text - 3.11.1.v20160819-1517
2018-04-14 10:23:11,235 - org.eclipse.jsch.core - 1.3.0.v20160422-1917
2018-04-14 10:23:11,235 - org.eclipse.jsch.ui - 1.3.0.v20160323-1650
2018-04-14 10:23:11,236 - org.eclipse.ui.console - 3.6.200.v20160518-1858
2018-04-14 10:23:11,236 - org.eclipse.ui.intro - 3.5.1.v20160829-1558
2018-04-14 10:23:11,239 - org.eclipse.ui.intro.universal - 3.3.1.v20160829-1558
2018-04-14 10:23:11,241 - org.eclipse.ui.cheatsheets - 3.5.0.v20160504-0839
2018-04-14 10:23:11,241 - org.eclipse.ui.browser - 3.5.1.v20160712-0914
2018-04-14 10:23:11,242 - org.eclipse.ui.monitoring - 1.1.0.v20160131-1628
2018-04-14 10:23:11,244 - org.eclipse.ui.navigator - 3.6.100.v20160518-1929
2018-04-14 10:23:11,244 - org.eclipse.ui.navigator.resources - 3.5.100.v20160518-1929
2018-04-14 10:23:11,244 - org.eclipse.ui.net - 1.3.0.v20160426-1633
2018-04-14 10:23:11,245 - org.eclipse.ui.workbench.texteditor - 3.10.1.v20160818-1626
2018-04-14 10:23:11,245 - org.eclipse.ui.views - 3.8.101.v20160816-1954
2018-04-14 10:23:11,246 - org.eclipse.ui.editors - 3.10.0.v20160505-0931
2018-04-14 10:23:11,249 - org.eclipse.ui.externaltools - 3.3.100.v20160518-1858
2018-04-14 10:23:11,250 - org.eclipse.ui.ide - 3.12.1.v20160823-0925
2018-04-14 10:23:11,251 - org.eclipse.ui.ide.application - 1.1.101.v20160829-0827
2018-04-14 10:23:11,258 - org.eclipse.core.filesystem.macosx - 1.3.0.v20140124-1940
2018-04-14 10:23:11,258 - org.eclipse.core.variables - 3.3.0.v20160419-1720
2018-04-14 10:23:11,259 - org.eclipse.ui.forms - 3.7.0.v20160518-1929
2018-04-14 10:23:11,259 - org.eclipse.ui.views.properties.tabbed - 3.7.0.v20160310-0903
2018-04-14 10:23:11,259 - org.eclipse.equinox.security - 1.2.200.v20150715-1528
2018-04-14 10:23:11,260 - org.eclipse.equinox.security.ui - 1.1.300.v20150803-1225
2018-04-14 10:23:11,260 - org.eclipse.equinox.security.macosx - 1.100.200.v20130327-1442
2018-04-14 10:23:11,260 - org.eclipse.core.externaltools - 1.0.400.v20160509-1057
2018-04-14 10:23:11,261 - org.eclipse.ui.themes - 1.1.200.v20160815-0536
2018-04-14 10:23:11,261 - org.eclipse.core.runtime - 3.12.0.v20160606-1342
2018-04-14 10:23:11,261 - org.eclipse.ui.intro.quicklinks - 1.0.0.v20160515-0255
2018-04-14 10:23:11,285 - org.eclipse.mylyn.discovery.core - 3.20.0.v20160421-1819
2018-04-14 10:23:11,285 - org.eclipse.mylyn.discovery.ui - 3.20.0.v20160421-1819
2018-04-14 10:23:11,290 - org.eclipse.emf.ecore.edit - 2.9.0.v20160526-0356
2018-04-14 10:23:11,290 - org.eclipse.emf.ecore.change.edit - 2.6.0.v20160526-0356
2018-04-14 10:23:11,294 - org.eclipse.sequoyah.vnc.protocol - 2.1.0.N20120718-0509
2018-04-14 10:23:11,296 - org.eclipse.emf.mapping.ecore - 2.6.0.v20160526-0356
2018-04-14 10:23:11,297 - org.eclipse.emf.mapping.ecore2ecore - 2.9.0.v20160526-0356
2018-04-14 10:23:11,297 - org.eclipse.emf.mapping.ecore2xml - 2.9.0.v20160526-0356
2018-04-14 10:23:11,301 - org.eclipse.mylyn.versions.core - 1.12.0.v20160421-1824
2018-04-14 10:23:11,301 - org.eclipse.mylyn.versions.ui - 1.12.0.v20160421-1824
2018-04-14 10:23:11,305 - org.eclipse.andmore.traceview - 0.5.0.201605181018
2018-04-14 10:23:11,309 - org.eclipse.sequoyah.localization.android - 2.1.0.N20120718-0509
2018-04-14 10:23:11,310 - org.eclipse.sequoyah.localization.android.help - 2.1.1.N20120718-0509
2018-04-14 10:23:11,314 - org.eclipse.m2e.logback.configuration - 1.7.0.20160603-1933
2018-04-14 10:23:11,315 - org.eclipse.m2e.logback.appender - 1.7.0.20160603-1933
2018-04-14 10:23:11,318 - org.eclipse.emf.codegen - 2.11.0.v20160526-0356
2018-04-14 10:23:11,324 - org.eclipse.wst.dtd.ui - 1.0.801.v201308100602
2018-04-14 10:23:11,326 - org.eclipse.wst.dtd.ui.infopop - 1.0.400.v201309112106
2018-04-14 10:23:11,327 - org.eclipse.wst.sse.ui.infopop - 1.0.300.v201309112106
2018-04-14 10:23:11,327 - org.eclipse.wst.xml.ui.infopop - 1.0.400.v201309112106
2018-04-14 10:23:11,329 - org.eclipse.wst.sse.ui - 1.3.500.v201605120129
2018-04-14 10:23:11,329 - org.eclipse.wst.xml.ui - 1.1.700.v201604272318
2018-04-14 10:23:11,331 - org.eclipse.wst.xsd.ui - 1.2.600.v201511240159
2018-04-14 10:23:11,336 - org.eclipse.emf - 2.6.0.v20160526-0356
2018-04-14 10:23:11,338 - org.eclipse.datatools.doc.user - 1.7.0.20090521092446
2018-04-14 10:23:11,339 - org.eclipse.datatools.oda.cshelp - 1.2.0.201603142002
2018-04-14 10:23:11,339 - org.eclipse.datatools.help - 1.6.0.201603142002
2018-04-14 10:23:11,342 - org.eclipse.mylyn.tasks.bugs - 3.20.0.v20160425-1835
2018-04-14 10:23:11,343 - org.eclipse.mylyn.help.ui - 3.20.0.v20160425-1835
2018-04-14 10:23:11,349 - org.eclipse.draw2d - 3.10.100.201606061308
2018-04-14 10:23:11,352 - org.eclipse.emf.edit - 2.12.0.v20160526-0356
2018-04-14 10:23:11,355 - org.eclipse.mylyn.commons.core - 3.20.0.v20160421-1819
2018-04-14 10:23:11,356 - org.eclipse.mylyn.commons.screenshots - 3.20.0.v20160421-1819
2018-04-14 10:23:11,357 - org.eclipse.mylyn.commons.ui - 3.20.0.v20160421-1819
2018-04-14 10:23:11,358 - org.eclipse.mylyn.commons.workbench - 3.20.0.v20160421-1819
2018-04-14 10:23:11,366 - org.eclipse.mylyn.bugzilla.ide - 3.20.0.v20160421-1902
2018-04-14 10:23:11,367 - org.eclipse.mylyn.ide.ui - 3.20.0.v20160421-1902
2018-04-14 10:23:11,369 - org.eclipse.emf.databinding.edit - 1.3.0.v20160526-0356
2018-04-14 10:23:11,374 - org.eclipse.emf.codegen.ecore - 2.12.0.v20160526-0356
2018-04-14 10:23:11,374 - org.eclipse.emf.ant - 2.8.0.v20160526-0356
2018-04-14 10:23:11,398 - org.eclipse.m2e.archetype.common - 1.7.0.20160603-1931
2018-04-14 10:23:11,403 - org.eclipse.m2e.maven.indexer - 1.7.0.20160603-1931
2018-04-14 10:23:11,403 - org.eclipse.m2e.model.edit - 1.7.0.20160603-1933
2018-04-14 10:23:11,403 - org.eclipse.m2e.core - 1.7.0.20160603-1933
2018-04-14 10:23:11,404 - org.eclipse.m2e.launching - 1.7.0.20160603-1933
2018-04-14 10:23:11,404 - org.eclipse.m2e.workspace.cli - 0.3.1
2018-04-14 10:23:11,405 - org.eclipse.m2e.jdt - 1.7.0.20160603-1933
2018-04-14 10:23:11,405 - org.eclipse.m2e.editor - 1.7.0.20160603-1933
2018-04-14 10:23:11,406 - org.eclipse.m2e.editor.xml - 1.7.0.20160603-1933
2018-04-14 10:23:11,439 - org.eclipse.m2e.maven.runtime - 1.7.0.20160603-1931
2018-04-14 10:23:11,440 - org.eclipse.m2e.maven.runtime.slf4j.simple - 1.7.0.20160603-1931
2018-04-14 10:23:11,441 - org.eclipse.m2e.refactoring - 1.7.0.20160603-1933
2018-04-14 10:23:11,441 - org.eclipse.m2e.lifecyclemapping.defaults - 1.7.0.20160603-1933
2018-04-14 10:23:11,442 - org.eclipse.m2e.discovery - 1.7.0.20160603-1933
2018-04-14 10:23:11,442 - org.eclipse.m2e.core.ui - 1.7.0.20160603-1933
2018-04-14 10:23:11,443 - org.eclipse.m2e.scm - 1.7.0.20160603-1933
2018-04-14 10:23:11,443 - org.eclipse.m2e.jdt.ui - 1.7.0.20160603-1933
2018-04-14 10:23:11,444 - org.eclipse.m2e.profiles.core - 1.7.0.20160603-1933
2018-04-14 10:23:11,444 - org.eclipse.m2e.profiles.ui - 1.7.0.20160603-1933
2018-04-14 10:23:11,445 - org.eclipse.m2e.importer - 1.7.0.20160603-1933
2018-04-14 10:23:11,451 - org.eclipse.andmore.ndk - 0.5.0.201605181018
2018-04-14 10:23:11,453 - org.eclipse.andmore.gldebugger - 0.5.0.201605181018
2018-04-14 10:23:11,458 - org.eclipse.mylyn.hudson.core - 1.12.0.v20160524-1837
2018-04-14 10:23:11,459 - org.eclipse.mylyn.hudson.ui - 1.12.0.v20160421-2142
2018-04-14 10:23:11,465 - org.eclipse.epp.mpc.core - 1.5.2.v20161004-1655
2018-04-14 10:23:11,465 - org.eclipse.epp.mpc.ui - 1.5.2.v20161005-1414
2018-04-14 10:23:11,466 - org.eclipse.epp.mpc.help.ui - 1.5.2.v20161004-1655
2018-04-14 10:23:11,466 - org.apache.httpcomponents.httpclient - 4.3.6.v201511171540
2018-04-14 10:23:11,466 - org.apache.httpcomponents.httpcore - 4.3.3.v201411290715
2018-04-14 10:23:11,472 - org.eclipse.datatools.connectivity.oda.consumer - 3.3.0.201603142002
2018-04-14 10:23:11,473 - org.eclipse.datatools.connectivity.oda.design - 3.4.0.201603142002
2018-04-14 10:23:11,473 - org.eclipse.datatools.connectivity.oda.profile - 3.3.0.201603142002
2018-04-14 10:23:11,473 - org.eclipse.datatools.connectivity.oda - 3.5.0.201603142002
2018-04-14 10:23:11,473 - org.eclipse.datatools.connectivity - 1.13.0.201603142002
2018-04-14 10:23:11,476 - org.eclipse.mylyn.git.core - 1.12.0.v20160421-1824
2018-04-14 10:23:11,477 - org.eclipse.mylyn.git.ui - 1.12.0.v20160421-1824
2018-04-14 10:23:11,481 - org.eclipse.andmore.android.certmanager - 0.5.0.201605181018
2018-04-14 10:23:11,484 - org.eclipse.recommenders.snipmatch - 2.4.3.v20160913-0645
2018-04-14 10:23:11,484 - org.eclipse.recommenders.snipmatch.rcp - 2.4.3.v20160913-0645
2018-04-14 10:23:11,488 - org.eclipse.cdt.gdb - 7.0.0.201703062208
2018-04-14 10:23:11,489 - org.eclipse.cdt.gdb.ui - 7.0.0.201703062208
2018-04-14 10:23:11,494 - org.eclipse.sequoyah.localization.tools - 2.1.0.N20120718-0509
2018-04-14 10:23:11,495 - org.eclipse.sequoyah.localization.editor - 2.1.0.N20120718-0509
2018-04-14 10:23:11,500 - org.eclipse.pde - 3.12.1.v20160907-1200
2018-04-14 10:23:11,503 - org.eclipse.pde.build - 3.9.200.v20160204-0642
2018-04-14 10:23:11,504 - org.eclipse.pde.core - 3.11.0.v20160510-1223
2018-04-14 10:23:11,506 - org.eclipse.pde.junit.runtime - 3.5.0.v20151013-0625
2018-04-14 10:23:11,507 - org.eclipse.pde.runtime - 3.5.0.v20160418-1724
2018-04-14 10:23:11,509 - org.eclipse.pde.ui - 3.9.1.v20160813-1107
2018-04-14 10:23:11,510 - org.eclipse.pde.doc.user - 3.12.1.v20160825-1158
2018-04-14 10:23:11,510 - org.eclipse.pde.ui.templates - 3.6.0.v20160424-1948
2018-04-14 10:23:11,511 - org.eclipse.ui.views.log - 1.2.1.v20160829-0826
2018-04-14 10:23:11,511 - org.objectweb.asm - 5.0.1.v201404251740
2018-04-14 10:23:11,511 - org.objectweb.asm.tree - 5.0.1.v201404251740
2018-04-14 10:23:11,512 - org.eclipse.pde.api.tools - 1.1.1.v20160811-0626
2018-04-14 10:23:11,512 - org.eclipse.pde.api.tools.annotations - 1.0.100.v20160418-1724
2018-04-14 10:23:11,513 - org.eclipse.pde.api.tools.ui - 1.1.0.v20160519-0701
2018-04-14 10:23:11,514 - org.eclipse.pde.ds.core - 1.1.0.v20151201-1325
2018-04-14 10:23:11,514 - org.eclipse.pde.ds.ui - 1.1.0.v20160518-1843
2018-04-14 10:23:11,515 - org.eclipse.pde.launching - 3.6.400.v20160121-1248
2018-04-14 10:23:11,515 - org.eclipse.pde.ua.core - 1.0.500.v20160204-0642
2018-04-14 10:23:11,515 - org.eclipse.pde.ua.ui - 1.1.0.v20160518-1843
2018-04-14 10:23:11,516 - org.eclipse.ui.trace - 1.0.400.v20160509-1055
2018-04-14 10:23:11,517 - org.eclipse.pde.ds.annotations - 1.0.0.v20160525-1437
2018-04-14 10:23:11,521 - net.sourceforge.lpg.lpgjavaruntime - 1.1.0.v201004271650
2018-04-14 10:23:11,522 - org.eclipse.datatools.sqltools.parsers.sql.lexer - 1.1.0.201603142002
2018-04-14 10:23:11,522 - org.eclipse.datatools.sqltools.parsers.sql.query - 1.3.0.201603142002
2018-04-14 10:23:11,522 - org.eclipse.datatools.sqltools.parsers.sql.xml.query - 1.1.0.201603142002
2018-04-14 10:23:11,522 - org.eclipse.datatools.sqltools.parsers.sql - 1.1.0.201603142002
2018-04-14 10:23:11,527 - org.eclipse.mylyn.java.ui - 3.20.0.v20160421-1902
2018-04-14 10:23:11,527 - org.eclipse.mylyn.java.tasks - 3.20.0.v20160421-1902
2018-04-14 10:23:11,527 - org.eclipse.mylyn.ide.ui - 3.20.0.v20160421-1902
2018-04-14 10:23:11,528 - org.eclipse.mylyn.ide.ant - 3.20.0.v20160421-1902
2018-04-14 10:23:11,528 - org.eclipse.mylyn.debug.ui - 3.20.0.v20160421-1902
2018-04-14 10:23:11,534 - org.eclipse.mylyn.team.ui - 3.20.0.v20160421-1902
2018-04-14 10:23:11,536 - org.eclipse.datatools.sqltools.sql - 1.1.0.201603142002
2018-04-14 10:23:11,536 - org.eclipse.datatools.sqltools.common.ui - 1.1.0.201603142002
2018-04-14 10:23:11,537 - org.eclipse.datatools.sqltools.plan - 1.1.0.201603142002
2018-04-14 10:23:11,537 - org.eclipse.datatools.sqltools.editor.core - 1.1.0.201603142002
2018-04-14 10:23:11,537 - org.eclipse.datatools.sqltools.sqleditor - 1.1.0.201603142002
2018-04-14 10:23:11,537 - org.eclipse.datatools.sqltools.ddlgen.ui - 1.1.0.201603142002
2018-04-14 10:23:11,537 - org.eclipse.datatools.connectivity.db.generic - 1.1.0.201603142002
2018-04-14 10:23:11,537 - org.eclipse.datatools.sqltools.editor.core.ui - 1.1.0.201603142002
2018-04-14 10:23:11,537 - org.eclipse.datatools.sqltools.sql.ui - 1.1.0.201603142002
2018-04-14 10:23:11,540 - org.eclipse.emf.common.ui - 2.11.0.v20160526-0356
2018-04-14 10:23:11,543 - org.eclipse.mylyn.commons.repositories.core - 1.12.0.v20160421-1819
2018-04-14 10:23:11,543 - org.eclipse.mylyn.commons.repositories.ui - 1.12.0.v20160421-1819
2018-04-14 10:23:11,546 - org.eclipse.sequoyah.device.common.utilities - 2.1.0.N20120718-0509
2018-04-14 10:23:11,549 - org.eclipse.andmore.android.common - 0.5.0.201605181018
2018-04-14 10:23:11,550 - org.eclipse.andmore.android.codeutils - 0.5.0.201605181018
2018-04-14 10:23:11,550 - org.eclipse.andmore.android.translation - 0.5.0.201605181018
2018-04-14 10:23:11,554 - org.eclipse.andmore.android.codesnippets - 0.5.0.201605181018
2018-04-14 10:23:11,554 - org.eclipse.andmore.android.db.core - 0.5.0.201605181018
2018-04-14 10:23:11,555 - org.eclipse.andmore.android.logger - 0.5.0.201605181018
2018-04-14 10:23:11,555 - org.eclipse.andmore.android - 0.5.0.201605181018
2018-04-14 10:23:11,556 - org.eclipse.andmore.android.emulator - 0.5.0.201605181018
2018-04-14 10:23:11,556 - org.eclipse.andmore.android.launch - 0.5.0.201605181018
2018-04-14 10:23:11,557 - org.eclipse.andmore.android.packaging.ui - 0.5.0.201605181018
2018-04-14 10:23:11,557 - org.eclipse.andmore.android.handset - 0.5.0.201605181018
2018-04-14 10:23:11,558 - org.eclipse.andmore.android.remote - 0.5.0.201605181018
2018-04-14 10:23:11,559 - org.eclipse.andmore.android.macosx - 0.5.0.201605181018
2018-04-14 10:23:11,559 - org.eclipse.andmore.android.mat - 0.5.0.201605181018
2018-04-14 10:23:11,559 - org.eclipse.andmore.android.devices.services - 0.5.0.201605181018
2018-04-14 10:23:11,560 - org.eclipse.andmore.android.db.devices - 0.5.0.201605181018
2018-04-14 10:23:11,560 - org.eclipse.andmore.android.installer - 0.5.0.201605181018
2018-04-14 10:23:11,561 - org.eclipse.andmore.android.logger.collector - 0.5.0.201605181018
2018-04-14 10:23:11,565 - org.eclipse.emf.mapping.ui - 2.7.0.v20160526-0356
2018-04-14 10:23:11,569 - org.eclipse.mylyn.monitor.core - 3.20.0.v20160421-1819
2018-04-14 10:23:11,570 - org.eclipse.mylyn.monitor.ui - 3.20.0.v20160421-1819
2018-04-14 10:23:11,575 - org.eclipse.datatools.connectivity.oda.template.ui - 3.3.0.201603142002
2018-04-14 10:23:11,579 - org.eclipse.sequoyah.vnc.vncviewer - 2.1.0.N20120718-0509
2018-04-14 10:23:11,581 - org.eclipse.emf.codegen.ecore.ui - 2.12.0.v20160526-0356
2018-04-14 10:23:11,586 - org.eclipse.emf.ecore.editor - 2.12.0.v20160526-0356
2018-04-14 10:23:11,587 - org.eclipse.epp.package.android - 4.6.1.20161007-1200
2018-04-14 10:23:11,590 - org.eclipse.mylyn.builds.core - 1.12.0.v20160421-2142
2018-04-14 10:23:11,591 - org.eclipse.mylyn.builds.ui - 1.12.0.v20160421-2142
2018-04-14 10:23:11,594 - org.eclipse.mylyn.context.core - 3.20.0.v20160421-1902
2018-04-14 10:23:11,595 - org.eclipse.mylyn.context.ui - 3.20.0.v20160421-1902
2018-04-14 10:23:11,596 - org.eclipse.mylyn.resources.ui - 3.20.0.v20160421-1902
2018-04-14 10:23:11,596 - org.eclipse.mylyn.context.tasks.ui - 3.20.0.v20160608-1905
2018-04-14 10:23:11,598 - org.eclipse.emf.databinding - 1.3.0.v20160526-0356
2018-04-14 10:23:11,601 - org.eclipse.datatools.connectivity.sqm.core.ui - 1.3.0.201603142002
2018-04-14 10:23:11,601 - org.eclipse.datatools.connectivity.sqm.core - 1.3.0.201603142002
2018-04-14 10:23:11,602 - org.eclipse.datatools.connectivity.sqm.server.ui - 1.2.0.201603142002
2018-04-14 10:23:11,602 - org.eclipse.datatools.connectivity.ui.dse - 1.2.0.201603142002
2018-04-14 10:23:11,602 - org.eclipse.datatools.connectivity.ui - 1.3.0.201603142002
2018-04-14 10:23:11,602 - org.eclipse.datatools.connectivity - 1.13.0.201603142002
2018-04-14 10:23:11,602 - org.eclipse.datatools.help - 1.6.0.201603142002
2018-04-14 10:23:11,602 - org.eclipse.datatools.connectivity.console.profile - 1.1.0.201603142002
2018-04-14 10:23:11,604 - org.eclipse.oomph.setup - 1.5.0.v20160818-1158
2018-04-14 10:23:11,605 - org.eclipse.oomph.setup.edit - 1.5.0.v20160707-0243
2018-04-14 10:23:11,605 - org.eclipse.oomph.setup.core - 1.5.0.v20160913-0854
2018-04-14 10:23:11,606 - org.eclipse.oomph.setup.sync - 1.5.0.v20160707-0243
2018-04-14 10:23:11,606 - org.eclipse.oomph.setup.p2 - 1.5.0.v20160707-0243
2018-04-14 10:23:11,607 - org.eclipse.oomph.setup.p2.edit - 1.5.0.v20160706-1149
2018-04-14 10:23:11,608 - org.eclipse.oomph.preferences - 1.5.0.v20160807-0831
2018-04-14 10:23:11,608 - org.eclipse.oomph.jreinfo - 1.5.0.v20160807-1022
2018-04-14 10:23:11,608 - org.eclipse.oomph.extractor.lib - 1.2.0.v20160519-0740
2018-04-14 10:23:11,608 - org.apache.commons.logging - 1.1.1.v201101211721
2018-04-14 10:23:11,608 - org.apache.commons.codec - 1.6.0.v201305230611
2018-04-14 10:23:11,608 - org.apache.httpcomponents.httpclient - 4.3.6.v201511171540
2018-04-14 10:23:11,608 - org.apache.httpcomponents.httpcore - 4.3.3.v201411290715
2018-04-14 10:23:11,610 - org.eclipse.userstorage - 1.0.0.v20160524-0709
2018-04-14 10:23:11,611 - org.eclipse.userstorage.ui - 1.0.0.v20151216-0912
