2018-04-14 10:23:11,611 [Worker-1] DEBUG class java.lang.Class - Starting Andmore Common Plugin...
2018-04-14 10:23:11,611 [Worker-1] DEBUG class java.lang.Class - Andmore Common Plugin started.
2018-04-14 10:23:11,611 [Worker-1] DEBUG class java.lang.Class - Starting Andmore Plugin...
2018-04-14 10:23:11,613 [Worker-1] DEBUG class java.lang.Class - Andmore Plugin started.
2018-04-14 10:23:12,514 [Worker-2] DEBUG class org.eclipse.andmore.android.AndroidPlugin - Notify SDK loader listeners
2018-04-14 10:23:13,170 [main] DEBUG class java.lang.Class - Starting Andmore Emulator Plugin...
2018-04-14 10:23:13,281 [main] DEBUG class java.lang.Class - Starting Andmore Handset Plugin...
2018-04-14 10:23:13,286 [main] DEBUG class java.lang.Class - Andmore Handset Plugin started.
2018-04-14 10:23:13,289 [main] DEBUG class java.lang.Class - Starting Andmore Remote Device Plugin...
2018-04-14 10:23:13,289 [main] DEBUG class java.lang.Class - Starting Andmore Remote Device Plugin started.
2018-04-14 10:23:13,297 [main] DEBUG class java.lang.Class - Starting Andmore Device Services Plugin...
2018-04-14 10:23:13,298 [main] DEBUG class java.lang.Class - Andmore Device Services Plugin started.
2018-04-14 10:23:13,321 [Instance Event Manager] INFO  Studio for Android - The android device instance status was updated: nokia Status: OFF
2018-04-14 10:23:13,324 [Instance Event Manager] INFO  Studio for Android - The android device instance status was updated: nokia Status: org.eclipse.andmore.android.emulator.status.offline
2018-04-14 10:23:13,332 [main] DEBUG class java.lang.Class - Andmore Emulator Plugin started.
2018-04-14 10:23:13,400 [main] ERROR Studio for Android - 无法实例化处理程序(PLUGIN=org.eclipse.sequoyah.device.framework;ERROR=202)
2018-04-14 10:23:13,401 [main] ERROR Studio for Android - 无法实例化处理程序(PLUGIN=org.eclipse.sequoyah.device.framework;ERROR=202)
2018-04-14 10:23:13,401 [main] ERROR Studio for Android - 无法实例化处理程序(PLUGIN=org.eclipse.sequoyah.device.framework;ERROR=202)
2018-04-14 10:23:13,401 [main] ERROR Studio for Android - 无法实例化处理程序(PLUGIN=org.eclipse.sequoyah.device.framework;ERROR=202)
2018-04-14 10:23:13,401 [main] ERROR Studio for Android - 无法实例化处理程序(PLUGIN=org.eclipse.sequoyah.device.framework;ERROR=202)
2018-04-14 10:23:13,401 [main] ERROR Studio for Android - 无法实例化处理程序(PLUGIN=org.eclipse.sequoyah.device.framework;ERROR=202)
2018-04-14 10:23:13,402 [main] ERROR Studio for Android - 无法实例化处理程序(PLUGIN=org.eclipse.sequoyah.device.framework;ERROR=202)
2018-04-14 10:23:13,402 [main] ERROR Studio for Android - 无法实例化处理程序(PLUGIN=org.eclipse.sequoyah.device.framework;ERROR=202)
2018-04-14 10:23:13,402 [main] ERROR Studio for Android - 无法实例化处理程序(PLUGIN=org.eclipse.sequoyah.device.framework;ERROR=202)
2018-04-14 10:23:13,402 [main] ERROR Studio for Android - 无法实例化处理程序(PLUGIN=org.eclipse.sequoyah.device.framework;ERROR=202)
2018-04-14 10:23:13,402 [main] ERROR Studio for Android - 无法实例化处理程序(PLUGIN=org.eclipse.sequoyah.device.framework;ERROR=202)
2018-04-14 10:23:13,402 [main] ERROR Studio for Android - 无法实例化处理程序(PLUGIN=org.eclipse.sequoyah.device.framework;ERROR=202)
2018-04-14 10:23:13,403 [main] ERROR Studio for Android - 无法实例化处理程序(PLUGIN=org.eclipse.sequoyah.device.framework;ERROR=202)
2018-04-14 10:23:13,403 [main] ERROR Studio for Android - 无法实例化处理程序(PLUGIN=org.eclipse.sequoyah.device.framework;ERROR=202)
2018-04-14 10:23:13,403 [main] ERROR Studio for Android - 无法实例化处理程序(PLUGIN=org.eclipse.sequoyah.device.framework;ERROR=202)
2018-04-14 10:23:13,403 [main] ERROR Studio for Android - 无法实例化处理程序(PLUGIN=org.eclipse.sequoyah.device.framework;ERROR=202)
2018-04-14 10:23:13,403 [main] ERROR Studio for Android - 无法实例化处理程序(PLUGIN=org.eclipse.sequoyah.device.framework;ERROR=202)
2018-04-14 10:23:13,403 [main] ERROR Studio for Android - 无法实例化处理程序(PLUGIN=org.eclipse.sequoyah.device.framework;ERROR=202)
2018-04-14 10:23:13,403 [main] ERROR Studio for Android - 无法实例化处理程序(PLUGIN=org.eclipse.sequoyah.device.framework;ERROR=202)
2018-04-14 10:23:13,404 [main] ERROR Studio for Android - 无法实例化处理程序(PLUGIN=org.eclipse.sequoyah.device.framework;ERROR=202)
2018-04-14 10:23:14,688 [main] DEBUG class java.lang.Class - Starting DDMS facade using listener...
2018-04-14 10:23:14,692 [main] DEBUG class java.lang.Class - DDMS facade started using listener.
2018-04-14 10:23:15,794 [Instance Event Manager] INFO  Studio for Android - The android device instance status was updated: nokia Status: org.eclipse.andmore.android.emulator.status.offline
2018-04-14 10:23:16,369 [Worker-1] INFO  Studio for Android - [Status: id=org.eclipse.andmore.android.emulator.status.offline;name=Offline]
2018-04-14 10:23:16,369 [Worker-1] INFO  Studio for Android - [Status: id=org.eclipse.andmore.android.handset.status.handsetonline;name=Online]
2018-04-14 10:23:16,369 [Worker-1] INFO  Studio for Android - [Status: id=INACTIVE;name=INACTIVE]
2018-04-14 10:23:16,369 [Worker-1] INFO  Studio for Android - [Status: id=org.eclipse.andmore.android.emulator.status.notavailable;name=Not available]
2018-04-14 10:23:16,369 [Worker-1] INFO  Studio for Android - [Status: id=IDLE;name=IDLE]
2018-04-14 10:23:16,369 [Worker-1] INFO  Studio for Android - [Status: id=org.eclipse.andmore.android.remote.status.connected;name=Connected]
2018-04-14 10:23:16,369 [Worker-1] INFO  Studio for Android - [Status: id=org.eclipse.andmore.android.remote.status.disconnected;name=Disconnected]
2018-04-14 10:23:16,369 [Worker-1] INFO  Studio for Android - [Status: id=org.eclipse.andmore.android.emulator.status.online;name=Online]
2018-04-14 10:23:16,369 [Worker-1] INFO  Studio for Android - [Status: id=OFF;name=OFF]
2018-04-14 10:23:16,370 [Worker-1] INFO  Studio for Android - [Status: id=org.eclipse.andmore.android.emulator.status.offlineNoData;name=Offline (no user data)]
